writeCommonTags: couldn't write 'year' tag to 'Crankdat - REMIX MACHINE MIXTAPE/All I Want for Christmas Is Bass (Crankdat Remix) [Heavy Dubstep].wav' as it's not a positive integer
writeCommonTags: couldn't write 'track' tag to 'Crankdat - REMIX MACHINE MIXTAPE/All I Want for Christmas Is Bass (Crankdat Remix) [Heavy Dubstep].wav' as it's not a positive integer
writeCommonTags: couldn't write 'year' tag to 'Crankdat - REMIX MACHINE MIXTAPE/Antihero (Crankdat Remix) [Heavy Dubstep].wav' as it's not a positive integer
writeCommonTags: couldn't write 'track' tag to 'Crankdat - REMIX MACHINE MIXTAPE/Antihero (Crankdat Remix) [Heavy Dubstep].wav' as it's not a positive integer
writeCommonTags: couldn't write 'year' tag to 'Crankdat - REMIX MACHINE MIXTAPE/As It Was (Crankdat Remix) [Heavy DnB].wav' as it's not a positive integer
writeCommonTags: couldn't write 'track' tag to 'Crankdat - REMIX MACHINE MIXTAPE/As It Was (Crankdat Remix) [Heavy DnB].wav' as it's not a positive integer
writeCommonTags: couldn't write 'year' tag to 'Crankdat - REMIX MACHINE MIXTAPE/Booyah (Crankdat Remix) [Dubstep].wav' as it's not a positive integer
writeCommonTags: couldn't write 'track' tag to 'Crankdat - REMIX MACHINE MIXTAPE/Booyah (Crankdat Remix) [Dubstep].wav' as it's not a positive integer
writeCommonTags: couldn't write 'year' tag to 'Crankdat - REMIX MACHINE MIXTAPE/Creepin (Crankdat Remix) [Melodic Electro].wav' as it's not a positive integer
writeCommonTags: couldn't write 'track' tag to 'Crankdat - REMIX MACHINE MIXTAPE/Creepin (Crankdat Remix) [Melodic Electro].wav' as it's not a positive integer
writeCommonTags: couldn't write 'year' tag to 'Crankdat - REMIX MACHINE MIXTAPE/Escape (Crankdat Remix) [Heavy Electro House].wav' as it's not a positive integer
writeCommonTags: couldn't write 'track' tag to 'Crankdat - REMIX MACHINE MIXTAPE/Escape (Crankdat Remix) [Heavy Electro House].wav' as it's not a positive integer
writeCommonTags: couldn't write 'year' tag to 'Crankdat - REMIX MACHINE MIXTAPE/Forever (Crankdat Remix) [Melodic DnB].wav' as it's not a positive integer
writeCommonTags: couldn't write 'track' tag to 'Crankdat - REMIX MACHINE MIXTAPE/Forever (Crankdat Remix) [Melodic DnB].wav' as it's not a positive integer
writeCommonTags: couldn't write 'year' tag to 'Crankdat - REMIX MACHINE MIXTAPE/I'm Good (Crankdat Remix) [Melodic Trap].wav' as it's not a positive integer
writeCommonTags: couldn't write 'track' tag to 'Crankdat - REMIX MACHINE MIXTAPE/I'm Good (Crankdat Remix) [Melodic Trap].wav' as it's not a positive integer
writeCommonTags: couldn't write 'year' tag to 'Crankdat - REMIX MACHINE MIXTAPE/Lollipop (Crankdat Remix) [Melodic Trap].wav' as it's not a positive integer
writeCommonTags: couldn't write 'track' tag to 'Crankdat - REMIX MACHINE MIXTAPE/Lollipop (Crankdat Remix) [Melodic Trap].wav' as it's not a positive integer
writeCommonTags: couldn't write 'year' tag to 'Crankdat - REMIX MACHINE MIXTAPE/Love Again (Crankdat Remix) [Melodic Electro].wav' as it's not a positive integer
writeCommonTags: couldn't write 'track' tag to 'Crankdat - REMIX MACHINE MIXTAPE/Love Again (Crankdat Remix) [Melodic Electro].wav' as it's not a positive integer
writeCommonTags: couldn't write 'year' tag to 'Crankdat - REMIX MACHINE MIXTAPE/Miss You (Crankdat Remix) [Melodic Electro].wav' as it's not a positive integer
writeCommonTags: couldn't write 'track' tag to 'Crankdat - REMIX MACHINE MIXTAPE/Miss You (Crankdat Remix) [Melodic Electro].wav' as it's not a positive integer
writeCommonTags: couldn't write 'year' tag to 'Crankdat - REMIX MACHINE MIXTAPE/Poland (Crankdat Remix) [Melodic Trap].wav' as it's not a positive integer
writeCommonTags: couldn't write 'track' tag to 'Crankdat - REMIX MACHINE MIXTAPE/Poland (Crankdat Remix) [Melodic Trap].wav' as it's not a positive integer
writeCommonTags: couldn't write 'year' tag to 'Crankdat - REMIX MACHINE MIXTAPE/Ratata (Crankdat Remix) [Breakbeat Electro].wav' as it's not a positive integer
writeCommonTags: couldn't write 'track' tag to 'Crankdat - REMIX MACHINE MIXTAPE/Ratata (Crankdat Remix) [Breakbeat Electro].wav' as it's not a positive integer
writeCommonTags: couldn't write 'year' tag to 'Crankdat - REMIX MACHINE MIXTAPE/Rich Flex (Crankdat Remix) [Heavy Dubstep].wav' as it's not a positive integer
writeCommonTags: couldn't write 'track' tag to 'Crankdat - REMIX MACHINE MIXTAPE/Rich Flex (Crankdat Remix) [Heavy Dubstep].wav' as it's not a positive integer
writeCommonTags: couldn't write 'year' tag to 'Crankdat - REMIX MACHINE MIXTAPE/Rumble (Crankdat Remix) [Drop 1 Heavy House 130BPM; Drop 2 Dubstep 146BPM].wav' as it's not a positive integer
writeCommonTags: couldn't write 'track' tag to 'Crankdat - REMIX MACHINE MIXTAPE/Rumble (Crankdat Remix) [Drop 1 Heavy House 130BPM; Drop 2 Dubstep 146BPM].wav' as it's not a positive integer
writeCommonTags: couldn't write 'year' tag to 'Crankdat - REMIX MACHINE MIXTAPE/Thriller (Crankdat Remix - Buildup Version) [Heavy Electro].wav' as it's not a positive integer
writeCommonTags: couldn't write 'track' tag to 'Crankdat - REMIX MACHINE MIXTAPE/Thriller (Crankdat Remix - Buildup Version) [Heavy Electro].wav' as it's not a positive integer
writeCommonTags: couldn't write 'year' tag to 'Crankdat - REMIX MACHINE MIXTAPE/Turn On the Lights (Crankdat Remix) [Electro].wav' as it's not a positive integer
writeCommonTags: couldn't write 'track' tag to 'Crankdat - REMIX MACHINE MIXTAPE/Turn On the Lights (Crankdat Remix) [Electro].wav' as it's not a positive integer
writeCommonTags: couldn't write 'year' tag to 'Crankdat - REMIX MACHINE MIXTAPE/Unholy (Crankdat Remix) [Heavy Electro].wav' as it's not a positive integer
writeCommonTags: couldn't write 'track' tag to 'Crankdat - REMIX MACHINE MIXTAPE/Unholy (Crankdat Remix) [Heavy Electro].wav' as it's not a positive integer
writeCommonTags: couldn't write 'year' tag to 'Crankdat - REMIX MACHINE MIXTAPE/All I Want for Christmas Is Bass (Crankdat Remix) [Heavy Dubstep].wav' as it's not a positive integer
writeCommonTags: couldn't write 'track' tag to 'Crankdat - REMIX MACHINE MIXTAPE/All I Want for Christmas Is Bass (Crankdat Remix) [Heavy Dubstep].wav' as it's not a positive integer
writeCommonTags: couldn't write 'year' tag to 'Crankdat - REMIX MACHINE MIXTAPE/Antihero (Crankdat Remix) [Heavy Dubstep].wav' as it's not a positive integer
writeCommonTags: couldn't write 'track' tag to 'Crankdat - REMIX MACHINE MIXTAPE/Antihero (Crankdat Remix) [Heavy Dubstep].wav' as it's not a positive integer
writeCommonTags: couldn't write 'year' tag to 'Crankdat - REMIX MACHINE MIXTAPE/As It Was (Crankdat Remix) [Heavy DnB].wav' as it's not a positive integer
writeCommonTags: couldn't write 'track' tag to 'Crankdat - REMIX MACHINE MIXTAPE/As It Was (Crankdat Remix) [Heavy DnB].wav' as it's not a positive integer
writeCommonTags: couldn't write 'year' tag to 'Crankdat - REMIX MACHINE MIXTAPE/Booyah (Crankdat Remix) [Dubstep].wav' as it's not a positive integer
writeCommonTags: couldn't write 'track' tag to 'Crankdat - REMIX MACHINE MIXTAPE/Booyah (Crankdat Remix) [Dubstep].wav' as it's not a positive integer
writeCommonTags: couldn't write 'year' tag to 'Crankdat - REMIX MACHINE MIXTAPE/Creepin (Crankdat Remix) [Melodic Electro].wav' as it's not a positive integer
writeCommonTags: couldn't write 'track' tag to 'Crankdat - REMIX MACHINE MIXTAPE/Creepin (Crankdat Remix) [Melodic Electro].wav' as it's not a positive integer
writeCommonTags: couldn't write 'year' tag to 'Crankdat - REMIX MACHINE MIXTAPE/Escape (Crankdat Remix) [Heavy Electro House].wav' as it's not a positive integer
writeCommonTags: couldn't write 'track' tag to 'Crankdat - REMIX MACHINE MIXTAPE/Escape (Crankdat Remix) [Heavy Electro House].wav' as it's not a positive integer
writeCommonTags: couldn't write 'year' tag to 'Crankdat - REMIX MACHINE MIXTAPE/Forever (Crankdat Remix) [Melodic DnB].wav' as it's not a positive integer
writeCommonTags: couldn't write 'track' tag to 'Crankdat - REMIX MACHINE MIXTAPE/Forever (Crankdat Remix) [Melodic DnB].wav' as it's not a positive integer
writeCommonTags: couldn't write 'year' tag to 'Crankdat - REMIX MACHINE MIXTAPE/I'm Good (Crankdat Remix) [Melodic Trap].wav' as it's not a positive integer
writeCommonTags: couldn't write 'track' tag to 'Crankdat - REMIX MACHINE MIXTAPE/I'm Good (Crankdat Remix) [Melodic Trap].wav' as it's not a positive integer
writeCommonTags: couldn't write 'year' tag to 'Crankdat - REMIX MACHINE MIXTAPE/Lollipop (Crankdat Remix) [Melodic Trap].wav' as it's not a positive integer
writeCommonTags: couldn't write 'track' tag to 'Crankdat - REMIX MACHINE MIXTAPE/Lollipop (Crankdat Remix) [Melodic Trap].wav' as it's not a positive integer
writeCommonTags: couldn't write 'year' tag to 'Crankdat - REMIX MACHINE MIXTAPE/Love Again (Crankdat Remix) [Melodic Electro].wav' as it's not a positive integer
writeCommonTags: couldn't write 'track' tag to 'Crankdat - REMIX MACHINE MIXTAPE/Love Again (Crankdat Remix) [Melodic Electro].wav' as it's not a positive integer
writeCommonTags: couldn't write 'year' tag to 'Crankdat - REMIX MACHINE MIXTAPE/Miss You (Crankdat Remix) [Melodic Electro].wav' as it's not a positive integer
writeCommonTags: couldn't write 'track' tag to 'Crankdat - REMIX MACHINE MIXTAPE/Miss You (Crankdat Remix) [Melodic Electro].wav' as it's not a positive integer
writeCommonTags: couldn't write 'year' tag to 'Crankdat - REMIX MACHINE MIXTAPE/Poland (Crankdat Remix) [Melodic Trap].wav' as it's not a positive integer
writeCommonTags: couldn't write 'track' tag to 'Crankdat - REMIX MACHINE MIXTAPE/Poland (Crankdat Remix) [Melodic Trap].wav' as it's not a positive integer
writeCommonTags: couldn't write 'year' tag to 'Crankdat - REMIX MACHINE MIXTAPE/Ratata (Crankdat Remix) [Breakbeat Electro].wav' as it's not a positive integer
writeCommonTags: couldn't write 'track' tag to 'Crankdat - REMIX MACHINE MIXTAPE/Ratata (Crankdat Remix) [Breakbeat Electro].wav' as it's not a positive integer
writeCommonTags: couldn't write 'year' tag to 'Crankdat - REMIX MACHINE MIXTAPE/Rich Flex (Crankdat Remix) [Heavy Dubstep].wav' as it's not a positive integer
writeCommonTags: couldn't write 'track' tag to 'Crankdat - REMIX MACHINE MIXTAPE/Rich Flex (Crankdat Remix) [Heavy Dubstep].wav' as it's not a positive integer
writeCommonTags: couldn't write 'year' tag to 'Crankdat - REMIX MACHINE MIXTAPE/Rumble (Crankdat Remix) [Drop 1 Heavy House 130BPM; Drop 2 Dubstep 146BPM].wav' as it's not a positive integer
writeCommonTags: couldn't write 'track' tag to 'Crankdat - REMIX MACHINE MIXTAPE/Rumble (Crankdat Remix) [Drop 1 Heavy House 130BPM; Drop 2 Dubstep 146BPM].wav' as it's not a positive integer
writeCommonTags: couldn't write 'year' tag to 'Crankdat - REMIX MACHINE MIXTAPE/Thriller (Crankdat Remix - Buildup Version) [Heavy Electro].wav' as it's not a positive integer
writeCommonTags: couldn't write 'track' tag to 'Crankdat - REMIX MACHINE MIXTAPE/Thriller (Crankdat Remix - Buildup Version) [Heavy Electro].wav' as it's not a positive integer
writeCommonTags: couldn't write 'year' tag to 'Crankdat - REMIX MACHINE MIXTAPE/Turn On the Lights (Crankdat Remix) [Electro].wav' as it's not a positive integer
writeCommonTags: couldn't write 'track' tag to 'Crankdat - REMIX MACHINE MIXTAPE/Turn On the Lights (Crankdat Remix) [Electro].wav' as it's not a positive integer
writeCommonTags: couldn't write 'year' tag to 'Crankdat - REMIX MACHINE MIXTAPE/Unholy (Crankdat Remix) [Heavy Electro].wav' as it's not a positive integer
writeCommonTags: couldn't write 'track' tag to 'Crankdat - REMIX MACHINE MIXTAPE/Unholy (Crankdat Remix) [Heavy Electro].wav' as it's not a positive integer
